2020-01-22 16:28:23.280  INFO 13020 --- [restartedMain] c.bridgelabz.note.FundoonoteApplication  : Starting FundoonoteApplication on FH400 with PID 13020 (/home/user/Documents/Springboot/Fundoonote/target/classes started by user in /home/user/Documents/Springboot/Fundoonote)
2020-01-22 16:28:23.316  INFO 13020 --- [restartedMain] c.bridgelabz.note.FundoonoteApplication  : No active profile set, falling back to default profiles: default
2020-01-22 16:28:23.592  INFO 13020 --- [restartedMain] .e.DevToolsPropertyDefaultsPostProcessor : Devtools property defaults active! Set 'spring.devtools.add-properties' to 'false' to disable
2020-01-22 16:28:23.592  INFO 13020 --- [restartedMain] .e.DevToolsPropertyDefaultsPostProcessor : For additional web related logging consider setting the 'logging.level.web' property to 'DEBUG'
2020-01-22 16:28:27.098  INFO 13020 --- [restartedMain] .s.d.r.c.RepositoryConfigurationDelegate : Multiple Spring Data modules found, entering strict repository configuration mode!
2020-01-22 16:28:27.100  INFO 13020 --- [restartedMain] .s.d.r.c.RepositoryConfigurationDelegate : Bootstrapping Spring Data repositories in DEFAULT mode.
2020-01-22 16:28:27.141  INFO 13020 --- [restartedMain] .s.d.r.c.RepositoryConfigurationDelegate : Finished Spring Data repository scanning in 11ms. Found 0 repository interfaces.
2020-01-22 16:28:27.958  INFO 13020 --- [restartedMain] .s.d.r.c.RepositoryConfigurationDelegate : Multiple Spring Data modules found, entering strict repository configuration mode!
2020-01-22 16:28:27.959  INFO 13020 --- [restartedMain] .s.d.r.c.RepositoryConfigurationDelegate : Bootstrapping Spring Data repositories in DEFAULT mode.
2020-01-22 16:28:28.058  INFO 13020 --- [restartedMain] .RepositoryConfigurationExtensionSupport : Spring Data Elasticsearch - Could not safely identify store assignment for repository candidate interface com.bridgelabz.note.repo.Collabratorrepository. If you want this repository to be a Elasticsearch repository, consider annotating your entities with one of these annotations: org.springframework.data.elasticsearch.annotations.Document (preferred), or consider extending one of the following types with your repository: org.springframework.data.elasticsearch.repository.ElasticsearchRepository, org.springframework.data.elasticsearch.repository.ElasticsearchCrudRepository.
2020-01-22 16:28:28.070  INFO 13020 --- [restartedMain] .RepositoryConfigurationExtensionSupport : Spring Data Elasticsearch - Could not safely identify store assignment for repository candidate interface com.bridgelabz.note.repo.Labelrepository. If you want this repository to be a Elasticsearch repository, consider annotating your entities with one of these annotations: org.springframework.data.elasticsearch.annotations.Document (preferred), or consider extending one of the following types with your repository: org.springframework.data.elasticsearch.repository.ElasticsearchRepository, org.springframework.data.elasticsearch.repository.ElasticsearchCrudRepository.
2020-01-22 16:28:28.081  INFO 13020 --- [restartedMain] .RepositoryConfigurationExtensionSupport : Spring Data Elasticsearch - Could not safely identify store assignment for repository candidate interface com.bridgelabz.note.repo.Noterepository. If you want this repository to be a Elasticsearch repository, consider annotating your entities with one of these annotations: org.springframework.data.elasticsearch.annotations.Document (preferred), or consider extending one of the following types with your repository: org.springframework.data.elasticsearch.repository.ElasticsearchRepository, org.springframework.data.elasticsearch.repository.ElasticsearchCrudRepository.
2020-01-22 16:28:28.085  INFO 13020 --- [restartedMain] .s.d.r.c.RepositoryConfigurationDelegate : Finished Spring Data repository scanning in 125ms. Found 0 repository interfaces.
2020-01-22 16:28:28.117  INFO 13020 --- [restartedMain] .s.d.r.c.RepositoryConfigurationDelegate : Multiple Spring Data modules found, entering strict repository configuration mode!
2020-01-22 16:28:28.133  INFO 13020 --- [restartedMain] .s.d.r.c.RepositoryConfigurationDelegate : Bootstrapping Spring Data repositories in DEFAULT mode.
2020-01-22 16:28:28.170  INFO 13020 --- [restartedMain] .RepositoryConfigurationExtensionSupport : Spring Data Reactive Elasticsearch - Could not safely identify store assignment for repository candidate interface com.bridgelabz.note.repo.Collabratorrepository. If you want this repository to be a Reactive Elasticsearch repository, consider annotating your entities with one of these annotations: org.springframework.data.elasticsearch.annotations.Document (preferred), or consider extending one of the following types with your repository: org.springframework.data.elasticsearch.repository.ReactiveElasticsearchRepository.
2020-01-22 16:28:28.178  INFO 13020 --- [restartedMain] .RepositoryConfigurationExtensionSupport : Spring Data Reactive Elasticsearch - Could not safely identify store assignment for repository candidate interface com.bridgelabz.note.repo.Labelrepository. If you want this repository to be a Reactive Elasticsearch repository, consider annotating your entities with one of these annotations: org.springframework.data.elasticsearch.annotations.Document (preferred), or consider extending one of the following types with your repository: org.springframework.data.elasticsearch.repository.ReactiveElasticsearchRepository.
2020-01-22 16:28:28.180  INFO 13020 --- [restartedMain] .RepositoryConfigurationExtensionSupport : Spring Data Reactive Elasticsearch - Could not safely identify store assignment for repository candidate interface com.bridgelabz.note.repo.Noterepository. If you want this repository to be a Reactive Elasticsearch repository, consider annotating your entities with one of these annotations: org.springframework.data.elasticsearch.annotations.Document (preferred), or consider extending one of the following types with your repository: org.springframework.data.elasticsearch.repository.ReactiveElasticsearchRepository.
2020-01-22 16:28:28.184  INFO 13020 --- [restartedMain] .s.d.r.c.RepositoryConfigurationDelegate : Finished Spring Data repository scanning in 49ms. Found 0 repository interfaces.
2020-01-22 16:28:28.446  INFO 13020 --- [restartedMain] .s.d.r.c.RepositoryConfigurationDelegate : Multiple Spring Data modules found, entering strict repository configuration mode!
2020-01-22 16:28:28.447  INFO 13020 --- [restartedMain] .s.d.r.c.RepositoryConfigurationDelegate : Bootstrapping Spring Data repositories in DEFAULT mode.
2020-01-22 16:28:28.552  INFO 13020 --- [restartedMain] .s.d.r.c.RepositoryConfigurationDelegate : Finished Spring Data repository scanning in 104ms. Found 3 repository interfaces.
2020-01-22 16:28:28.589  INFO 13020 --- [restartedMain] .s.d.r.c.RepositoryConfigurationDelegate : Multiple Spring Data modules found, entering strict repository configuration mode!
2020-01-22 16:28:28.593  INFO 13020 --- [restartedMain] .s.d.r.c.RepositoryConfigurationDelegate : Bootstrapping Spring Data repositories in DEFAULT mode.
2020-01-22 16:28:28.616  INFO 13020 --- [restartedMain] .RepositoryConfigurationExtensionSupport : Spring Data Redis - Could not safely identify store assignment for repository candidate interface com.bridgelabz.note.repo.Collabratorrepository. If you want this repository to be a Redis repository, consider annotating your entities with one of these annotations: org.springframework.data.redis.core.RedisHash (preferred), or consider extending one of the following types with your repository: org.springframework.data.keyvalue.repository.KeyValueRepository.
2020-01-22 16:28:28.618  INFO 13020 --- [restartedMain] .RepositoryConfigurationExtensionSupport : Spring Data Redis - Could not safely identify store assignment for repository candidate interface com.bridgelabz.note.repo.Labelrepository. If you want this repository to be a Redis repository, consider annotating your entities with one of these annotations: org.springframework.data.redis.core.RedisHash (preferred), or consider extending one of the following types with your repository: org.springframework.data.keyvalue.repository.KeyValueRepository.
2020-01-22 16:28:28.623  INFO 13020 --- [restartedMain] .RepositoryConfigurationExtensionSupport : Spring Data Redis - Could not safely identify store assignment for repository candidate interface com.bridgelabz.note.repo.Noterepository. If you want this repository to be a Redis repository, consider annotating your entities with one of these annotations: org.springframework.data.redis.core.RedisHash (preferred), or consider extending one of the following types with your repository: org.springframework.data.keyvalue.repository.KeyValueRepository.
2020-01-22 16:28:28.624  INFO 13020 --- [restartedMain] .s.d.r.c.RepositoryConfigurationDelegate : Finished Spring Data repository scanning in 30ms. Found 0 repository interfaces.
2020-01-22 16:28:31.781  INFO 13020 --- [restartedMain] o.s.b.w.embedded.tomcat.TomcatWebServer  : Tomcat initialized with port(s): 8081 (http)
2020-01-22 16:28:31.808  INFO 13020 --- [restartedMain] o.apache.catalina.core.StandardService   : Starting service [Tomcat]
2020-01-22 16:28:31.809  INFO 13020 --- [restartedMain] org.apache.catalina.core.StandardEngine  : Starting Servlet engine: [Apache Tomcat/9.0.27]
2020-01-22 16:28:32.472  INFO 13020 --- [restartedMain] o.a.c.c.C.[Tomcat].[localhost].[/]       : Initializing Spring embedded WebApplicationContext
2020-01-22 16:28:34.313  INFO 13020 --- [restartedMain] org.mongodb.driver.cluster               : Cluster created with settings {hosts=[localhost:27017], mode=MULTIPLE, requiredClusterType=UNKNOWN, serverSelectionTimeout='30000 ms', maxWaitQueueSize=500}
2020-01-22 16:28:34.314  INFO 13020 --- [restartedMain] org.mongodb.driver.cluster               : Adding discovered server localhost:27017 to client view of cluster
2020-01-22 16:28:34.547  INFO 13020 --- [cluster-ClusterId{value='5e282adab51e372ce9834f3f', description='null'}-localhost:27017] org.mongodb.driver.connection            : Opened connection [connectionId{localValue:1, serverValue:303}] to localhost:27017
2020-01-22 16:28:34.597  INFO 13020 --- [cluster-ClusterId{value='5e282adab51e372ce9834f3f', description='null'}-localhost:27017] org.mongodb.driver.cluster               : Monitor thread successfully connected to server with description ServerDescription{address=localhost:27017, type=STANDALONE, state=CONNECTED, ok=true, version=ServerVersion{versionList=[3, 6, 8]}, minWireVersion=0, maxWireVersion=6, maxDocumentSize=16777216, logicalSessionTimeoutMinutes=30, roundTripTimeNanos=39763431}
2020-01-22 16:28:34.600  INFO 13020 --- [cluster-ClusterId{value='5e282adab51e372ce9834f3f', description='null'}-localhost:27017] org.mongodb.driver.cluster               : Discovered cluster type of STANDALONE
2020-01-22 16:28:34.748  WARN 13020 --- [restartedMain] o.s.data.convert.CustomConversions       : Registering converter from class java.time.LocalDateTime to class org.joda.time.LocalDateTime as reading converter although it doesn't convert from a store-supported type! You might wanna check you annotation setup at the converter implementation.
2020-01-22 16:28:34.754  WARN 13020 --- [restartedMain] o.s.data.convert.CustomConversions       : Registering converter from class java.time.LocalDateTime to class org.joda.time.LocalDateTime as reading converter although it doesn't convert from a store-supported type! You might wanna check you annotation setup at the converter implementation.
2020-01-22 16:28:34.758  WARN 13020 --- [restartedMain] o.s.data.convert.CustomConversions       : Registering converter from class java.time.LocalDateTime to class java.time.Instant as reading converter although it doesn't convert from a store-supported type! You might wanna check you annotation setup at the converter implementation.
2020-01-22 16:28:34.758  WARN 13020 --- [restartedMain] o.s.data.convert.CustomConversions       : Registering converter from class java.time.Instant to class java.time.LocalDateTime as reading converter although it doesn't convert from a store-supported type! You might wanna check you annotation setup at the converter implementation.
2020-01-22 16:28:35.177  WARN 13020 --- [restartedMain] o.s.b.d.a.OptionalLiveReloadServer       : Unable to start LiveReload server
2020-01-22 16:28:35.209  WARN 13020 --- [restartedMain] o.s.data.convert.CustomConversions       : Registering converter from class java.time.LocalDateTime to class org.joda.time.LocalDateTime as reading converter although it doesn't convert from a store-supported type! You might wanna check you annotation setup at the converter implementation.
2020-01-22 16:28:35.210  WARN 13020 --- [restartedMain] o.s.data.convert.CustomConversions       : Registering converter from class java.time.LocalDateTime to class org.joda.time.LocalDateTime as reading converter although it doesn't convert from a store-supported type! You might wanna check you annotation setup at the converter implementation.
2020-01-22 16:28:35.211  WARN 13020 --- [restartedMain] o.s.data.convert.CustomConversions       : Registering converter from class java.time.LocalDateTime to class java.time.Instant as reading converter although it doesn't convert from a store-supported type! You might wanna check you annotation setup at the converter implementation.
2020-01-22 16:28:35.212  WARN 13020 --- [restartedMain] o.s.data.convert.CustomConversions       : Registering converter from class java.time.Instant to class java.time.LocalDateTime as reading converter although it doesn't convert from a store-supported type! You might wanna check you annotation setup at the converter implementation.
2020-01-22 16:28:38.437  INFO 13020 --- [restartedMain] pertySourcedRequestMappingHandlerMapping : Mapped URL path [/v2/api-docs] onto method [springfox.documentation.swagger2.web.Swagger2Controller#getDocumentation(String, HttpServletRequest)]
2020-01-22 16:28:38.978  INFO 13020 --- [restartedMain] o.s.s.concurrent.ThreadPoolTaskExecutor  : Initializing ExecutorService 'applicationTaskExecutor'
2020-01-22 16:28:39.395  WARN 13020 --- [restartedMain] ion$DefaultTemplateResolverConfiguration : Cannot find template location: classpath:/templates/ (please add some templates or check your Thymeleaf configuration)
2020-01-22 16:28:40.511  INFO 13020 --- [restartedMain] d.s.w.p.DocumentationPluginsBootstrapper : Context refreshed
2020-01-22 16:28:40.738  INFO 13020 --- [restartedMain] d.s.w.p.DocumentationPluginsBootstrapper : Found 1 custom documentation plugin(s)
2020-01-22 16:28:40.831  INFO 13020 --- [restartedMain] s.d.s.w.s.ApiListingReferenceScanner     : Scanning for api listing references
2020-01-22 16:28:42.132  INFO 13020 --- [restartedMain] o.s.a.r.c.CachingConnectionFactory       : Attempting to connect to: [localhost:5672]
2020-01-22 16:28:42.220  INFO 13020 --- [restartedMain] o.s.a.r.c.CachingConnectionFactory       : Created new connection: rabbitConnectionFactory#38882464:0/SimpleConnection@6993861a [delegate=amqp://guest@127.0.0.1:5672/, localPort= 35534]
2020-01-22 16:28:42.240  INFO 13020 --- [restartedMain] o.s.amqp.rabbit.core.RabbitAdmin         : Auto-declaring a non-durable, auto-delete, or exclusive Queue (userMessageQueue) durable:false, auto-delete:false, exclusive:false. It will be redeclared if the broker stops and is restarted while the connection factory is alive, but all messages will be lost.
2020-01-22 16:28:43.227  INFO 13020 --- [restartedMain] o.s.b.w.embedded.tomcat.TomcatWebServer  : Tomcat started on port(s): 8081 (http) with context path ''
2020-01-22 16:28:43.256  INFO 13020 --- [restartedMain] c.bridgelabz.note.FundoonoteApplication  : Started FundoonoteApplication in 21.615 seconds (JVM running for 24.186)
2020-01-22 16:37:06.376  INFO 13020 --- [http-nio-8081-exec-2] o.a.c.c.C.[Tomcat].[localhost].[/]       : Initializing Spring DispatcherServlet 'dispatcherServlet'
2020-01-22 16:37:07.027  INFO 13020 --- [http-nio-8081-exec-5] org.mongodb.driver.connection            : Opened connection [connectionId{localValue:3, serverValue:320}] to localhost:27017
2020-01-22 16:37:07.035  INFO 13020 --- [http-nio-8081-exec-4] org.mongodb.driver.connection            : Opened connection [connectionId{localValue:2, serverValue:321}] to localhost:27017
2020-01-22 16:37:20.918  WARN 13020 --- [I/O dispatcher 1] org.elasticsearch.client.RestClient      : request [PUT http://localhost:9200/note/notes/5e282ce7b51e372ce9834f40?timeout=1m] returned 1 warnings: [299 Elasticsearch-7.4.2-2f90bbf7b93631e52bafb59b3b049cb44ec25e96 "[types removal] Specifying types in document index requests is deprecated, use the typeless endpoints instead (/{index}/_doc/{id}, /{index}/_doc, or /{index}/_create/{id})."]
2020-01-22 16:37:31.124  WARN 13020 --- [I/O dispatcher 1] org.elasticsearch.client.RestClient      : request [GET http://localhost:9200/note/notes/5e282ce7b51e372ce9834f40] returned 1 warnings: [299 Elasticsearch-7.4.2-2f90bbf7b93631e52bafb59b3b049cb44ec25e96 "[types removal] Specifying types in document get requests is deprecated, use the /{index}/_doc/{id} endpoint instead."]
2020-01-22 16:37:31.438  WARN 13020 --- [I/O dispatcher 1] org.elasticsearch.client.RestClient      : request [POST http://localhost:9200/note/notes/5e282ce7b51e372ce9834f40/_update?timeout=1m] returned 1 warnings: [299 Elasticsearch-7.4.2-2f90bbf7b93631e52bafb59b3b049cb44ec25e96 "[types removal] Specifying types in document update requests is deprecated, use the endpoint /{index}/_update/{id} instead."]
2020-01-22 16:51:44.887  INFO 13020 --- [RMI TCP Connection(2)-127.0.0.1] inMXBeanRegistrar$SpringApplicationAdmin : Application shutdown requested.
2020-01-22 16:51:44.901  INFO 13020 --- [RMI TCP Connection(2)-127.0.0.1] o.s.a.r.l.SimpleMessageListenerContainer : Waiting for workers to finish.
2020-01-22 16:51:45.451  INFO 13020 --- [RMI TCP Connection(2)-127.0.0.1] o.s.a.r.l.SimpleMessageListenerContainer : Successfully waited for workers to finish.
2020-01-22 16:51:45.464  INFO 13020 --- [RMI TCP Connection(2)-127.0.0.1] o.s.s.concurrent.ThreadPoolTaskExecutor  : Shutting down ExecutorService 'applicationTaskExecutor'
2020-01-22 16:51:45.474  INFO 13020 --- [RMI TCP Connection(2)-127.0.0.1] o.s.a.r.l.SimpleMessageListenerContainer : Shutdown ignored - container is not active already
2020-01-22 16:51:45.499  INFO 13020 --- [RMI TCP Connection(2)-127.0.0.1] org.mongodb.driver.connection            : Closed connection [connectionId{localValue:2, serverValue:321}] to localhost:27017 because the pool has been closed.
2020-01-22 16:51:45.500  INFO 13020 --- [RMI TCP Connection(2)-127.0.0.1] org.mongodb.driver.connection            : Closed connection [connectionId{localValue:3, serverValue:320}] to localhost:27017 because the pool has been closed.
2020-01-22 17:08:14.332  INFO 16265 --- [restartedMain] c.bridgelabz.note.FundoonoteApplication  : Starting FundoonoteApplication on FH400 with PID 16265 (/home/user/Documents/Springboot/Fundoonote/target/classes started by user in /home/user/Documents/Springboot/Fundoonote)
2020-01-22 17:08:14.352  INFO 16265 --- [restartedMain] c.bridgelabz.note.FundoonoteApplication  : No active profile set, falling back to default profiles: default
2020-01-22 17:08:14.477  INFO 16265 --- [restartedMain] .e.DevToolsPropertyDefaultsPostProcessor : Devtools property defaults active! Set 'spring.devtools.add-properties' to 'false' to disable
2020-01-22 17:08:14.477  INFO 16265 --- [restartedMain] .e.DevToolsPropertyDefaultsPostProcessor : For additional web related logging consider setting the 'logging.level.web' property to 'DEBUG'
2020-01-22 17:08:17.252  INFO 16265 --- [restartedMain] .s.d.r.c.RepositoryConfigurationDelegate : Multiple Spring Data modules found, entering strict repository configuration mode!
2020-01-22 17:08:17.254  INFO 16265 --- [restartedMain] .s.d.r.c.RepositoryConfigurationDelegate : Bootstrapping Spring Data repositories in DEFAULT mode.
2020-01-22 17:08:17.301  INFO 16265 --- [restartedMain] .s.d.r.c.RepositoryConfigurationDelegate : Finished Spring Data repository scanning in 11ms. Found 0 repository interfaces.
2020-01-22 17:08:18.028  INFO 16265 --- [restartedMain] .s.d.r.c.RepositoryConfigurationDelegate : Multiple Spring Data modules found, entering strict repository configuration mode!
2020-01-22 17:08:18.029  INFO 16265 --- [restartedMain] .s.d.r.c.RepositoryConfigurationDelegate : Bootstrapping Spring Data repositories in DEFAULT mode.
2020-01-22 17:08:18.102  INFO 16265 --- [restartedMain] .RepositoryConfigurationExtensionSupport : Spring Data Elasticsearch - Could not safely identify store assignment for repository candidate interface com.bridgelabz.note.repo.Collabratorrepository. If you want this repository to be a Elasticsearch repository, consider annotating your entities with one of these annotations: org.springframework.data.elasticsearch.annotations.Document (preferred), or consider extending one of the following types with your repository: org.springframework.data.elasticsearch.repository.ElasticsearchRepository, org.springframework.data.elasticsearch.repository.ElasticsearchCrudRepository.
2020-01-22 17:08:18.106  INFO 16265 --- [restartedMain] .RepositoryConfigurationExtensionSupport : Spring Data Elasticsearch - Could not safely identify store assignment for repository candidate interface com.bridgelabz.note.repo.Labelrepository. If you want this repository to be a Elasticsearch repository, consider annotating your entities with one of these annotations: org.springframework.data.elasticsearch.annotations.Document (preferred), or consider extending one of the following types with your repository: org.springframework.data.elasticsearch.repository.ElasticsearchRepository, org.springframework.data.elasticsearch.repository.ElasticsearchCrudRepository.
2020-01-22 17:08:18.109  INFO 16265 --- [restartedMain] .RepositoryConfigurationExtensionSupport : Spring Data Elasticsearch - Could not safely identify store assignment for repository candidate interface com.bridgelabz.note.repo.Noterepository. If you want this repository to be a Elasticsearch repository, consider annotating your entities with one of these annotations: org.springframework.data.elasticsearch.annotations.Document (preferred), or consider extending one of the following types with your repository: org.springframework.data.elasticsearch.repository.ElasticsearchRepository, org.springframework.data.elasticsearch.repository.ElasticsearchCrudRepository.
2020-01-22 17:08:18.110  INFO 16265 --- [restartedMain] .s.d.r.c.RepositoryConfigurationDelegate : Finished Spring Data repository scanning in 78ms. Found 0 repository interfaces.
2020-01-22 17:08:18.125  INFO 16265 --- [restartedMain] .s.d.r.c.RepositoryConfigurationDelegate : Multiple Spring Data modules found, entering strict repository configuration mode!
2020-01-22 17:08:18.127  INFO 16265 --- [restartedMain] .s.d.r.c.RepositoryConfigurationDelegate : Bootstrapping Spring Data repositories in DEFAULT mode.
2020-01-22 17:08:18.139  INFO 16265 --- [restartedMain] .RepositoryConfigurationExtensionSupport : Spring Data Reactive Elasticsearch - Could not safely identify store assignment for repository candidate interface com.bridgelabz.note.repo.Collabratorrepository. If you want this repository to be a Reactive Elasticsearch repository, consider annotating your entities with one of these annotations: org.springframework.data.elasticsearch.annotations.Document (preferred), or consider extending one of the following types with your repository: org.springframework.data.elasticsearch.repository.ReactiveElasticsearchRepository.
2020-01-22 17:08:18.140  INFO 16265 --- [restartedMain] .RepositoryConfigurationExtensionSupport : Spring Data Reactive Elasticsearch - Could not safely identify store assignment for repository candidate interface com.bridgelabz.note.repo.Labelrepository. If you want this repository to be a Reactive Elasticsearch repository, consider annotating your entities with one of these annotations: org.springframework.data.elasticsearch.annotations.Document (preferred), or consider extending one of the following types with your repository: org.springframework.data.elasticsearch.repository.ReactiveElasticsearchRepository.
2020-01-22 17:08:18.141  INFO 16265 --- [restartedMain] .RepositoryConfigurationExtensionSupport : Spring Data Reactive Elasticsearch - Could not safely identify store assignment for repository candidate interface com.bridgelabz.note.repo.Noterepository. If you want this repository to be a Reactive Elasticsearch repository, consider annotating your entities with one of these annotations: org.springframework.data.elasticsearch.annotations.Document (preferred), or consider extending one of the following types with your repository: org.springframework.data.elasticsearch.repository.ReactiveElasticsearchRepository.
2020-01-22 17:08:18.142  INFO 16265 --- [restartedMain] .s.d.r.c.RepositoryConfigurationDelegate : Finished Spring Data repository scanning in 14ms. Found 0 repository interfaces.
2020-01-22 17:08:18.241  INFO 16265 --- [restartedMain] .s.d.r.c.RepositoryConfigurationDelegate : Multiple Spring Data modules found, entering strict repository configuration mode!
2020-01-22 17:08:18.242  INFO 16265 --- [restartedMain] .s.d.r.c.RepositoryConfigurationDelegate : Bootstrapping Spring Data repositories in DEFAULT mode.
2020-01-22 17:08:18.326  INFO 16265 --- [restartedMain] .s.d.r.c.RepositoryConfigurationDelegate : Finished Spring Data repository scanning in 83ms. Found 3 repository interfaces.
2020-01-22 17:08:18.348  INFO 16265 --- [restartedMain] .s.d.r.c.RepositoryConfigurationDelegate : Multiple Spring Data modules found, entering strict repository configuration mode!
2020-01-22 17:08:18.355  INFO 16265 --- [restartedMain] .s.d.r.c.RepositoryConfigurationDelegate : Bootstrapping Spring Data repositories in DEFAULT mode.
2020-01-22 17:08:18.365  INFO 16265 --- [restartedMain] .RepositoryConfigurationExtensionSupport : Spring Data Redis - Could not safely identify store assignment for repository candidate interface com.bridgelabz.note.repo.Collabratorrepository. If you want this repository to be a Redis repository, consider annotating your entities with one of these annotations: org.springframework.data.redis.core.RedisHash (preferred), or consider extending one of the following types with your repository: org.springframework.data.keyvalue.repository.KeyValueRepository.
2020-01-22 17:08:18.367  INFO 16265 --- [restartedMain] .RepositoryConfigurationExtensionSupport : Spring Data Redis - Could not safely identify store assignment for repository candidate interface com.bridgelabz.note.repo.Labelrepository. If you want this repository to be a Redis repository, consider annotating your entities with one of these annotations: org.springframework.data.redis.core.RedisHash (preferred), or consider extending one of the following types with your repository: org.springframework.data.keyvalue.repository.KeyValueRepository.
2020-01-22 17:08:18.368  INFO 16265 --- [restartedMain] .RepositoryConfigurationExtensionSupport : Spring Data Redis - Could not safely identify store assignment for repository candidate interface com.bridgelabz.note.repo.Noterepository. If you want this repository to be a Redis repository, consider annotating your entities with one of these annotations: org.springframework.data.redis.core.RedisHash (preferred), or consider extending one of the following types with your repository: org.springframework.data.keyvalue.repository.KeyValueRepository.
2020-01-22 17:08:18.368  INFO 16265 --- [restartedMain] .s.d.r.c.RepositoryConfigurationDelegate : Finished Spring Data repository scanning in 13ms. Found 0 repository interfaces.
2020-01-22 17:08:20.212  INFO 16265 --- [restartedMain] o.s.b.w.embedded.tomcat.TomcatWebServer  : Tomcat initialized with port(s): 8081 (http)
2020-01-22 17:08:20.231  INFO 16265 --- [restartedMain] o.apache.catalina.core.StandardService   : Starting service [Tomcat]
2020-01-22 17:08:20.232  INFO 16265 --- [restartedMain] org.apache.catalina.core.StandardEngine  : Starting Servlet engine: [Apache Tomcat/9.0.27]
2020-01-22 17:08:20.400  INFO 16265 --- [restartedMain] o.a.c.c.C.[Tomcat].[localhost].[/]       : Initializing Spring embedded WebApplicationContext
2020-01-22 17:08:21.650  INFO 16265 --- [restartedMain] org.mongodb.driver.cluster               : Cluster created with settings {hosts=[localhost:27017], mode=MULTIPLE, requiredClusterType=UNKNOWN, serverSelectionTimeout='30000 ms', maxWaitQueueSize=500}
2020-01-22 17:08:21.651  INFO 16265 --- [restartedMain] org.mongodb.driver.cluster               : Adding discovered server localhost:27017 to client view of cluster
2020-01-22 17:08:21.776  INFO 16265 --- [cluster-ClusterId{value='5e28342ddf6426737e2567de', description='null'}-localhost:27017] org.mongodb.driver.connection            : Opened connection [connectionId{localValue:1, serverValue:383}] to localhost:27017
2020-01-22 17:08:21.793  INFO 16265 --- [cluster-ClusterId{value='5e28342ddf6426737e2567de', description='null'}-localhost:27017] org.mongodb.driver.cluster               : Monitor thread successfully connected to server with description ServerDescription{address=localhost:27017, type=STANDALONE, state=CONNECTED, ok=true, version=ServerVersion{versionList=[3, 6, 8]}, minWireVersion=0, maxWireVersion=6, maxDocumentSize=16777216, logicalSessionTimeoutMinutes=30, roundTripTimeNanos=8147361}
2020-01-22 17:08:21.795  INFO 16265 --- [cluster-ClusterId{value='5e28342ddf6426737e2567de', description='null'}-localhost:27017] org.mongodb.driver.cluster               : Discovered cluster type of STANDALONE
2020-01-22 17:08:21.963  WARN 16265 --- [restartedMain] o.s.data.convert.CustomConversions       : Registering converter from class java.time.LocalDateTime to class org.joda.time.LocalDateTime as reading converter although it doesn't convert from a store-supported type! You might wanna check you annotation setup at the converter implementation.
2020-01-22 17:08:21.969  WARN 16265 --- [restartedMain] o.s.data.convert.CustomConversions       : Registering converter from class java.time.LocalDateTime to class org.joda.time.LocalDateTime as reading converter although it doesn't convert from a store-supported type! You might wanna check you annotation setup at the converter implementation.
2020-01-22 17:08:21.972  WARN 16265 --- [restartedMain] o.s.data.convert.CustomConversions       : Registering converter from class java.time.LocalDateTime to class java.time.Instant as reading converter although it doesn't convert from a store-supported type! You might wanna check you annotation setup at the converter implementation.
2020-01-22 17:08:21.972  WARN 16265 --- [restartedMain] o.s.data.convert.CustomConversions       : Registering converter from class java.time.Instant to class java.time.LocalDateTime as reading converter although it doesn't convert from a store-supported type! You might wanna check you annotation setup at the converter implementation.
2020-01-22 17:08:22.196  INFO 16265 --- [restartedMain] o.s.b.d.a.OptionalLiveReloadServer       : LiveReload server is running on port 35729
2020-01-22 17:08:22.212  WARN 16265 --- [restartedMain] o.s.data.convert.CustomConversions       : Registering converter from class java.time.LocalDateTime to class org.joda.time.LocalDateTime as reading converter although it doesn't convert from a store-supported type! You might wanna check you annotation setup at the converter implementation.
2020-01-22 17:08:22.215  WARN 16265 --- [restartedMain] o.s.data.convert.CustomConversions       : Registering converter from class java.time.LocalDateTime to class org.joda.time.LocalDateTime as reading converter although it doesn't convert from a store-supported type! You might wanna check you annotation setup at the converter implementation.
2020-01-22 17:08:22.216  WARN 16265 --- [restartedMain] o.s.data.convert.CustomConversions       : Registering converter from class java.time.LocalDateTime to class java.time.Instant as reading converter although it doesn't convert from a store-supported type! You might wanna check you annotation setup at the converter implementation.
2020-01-22 17:08:22.216  WARN 16265 --- [restartedMain] o.s.data.convert.CustomConversions       : Registering converter from class java.time.Instant to class java.time.LocalDateTime as reading converter although it doesn't convert from a store-supported type! You might wanna check you annotation setup at the converter implementation.
2020-01-22 17:08:24.816  INFO 16265 --- [restartedMain] pertySourcedRequestMappingHandlerMapping : Mapped URL path [/v2/api-docs] onto method [springfox.documentation.swagger2.web.Swagger2Controller#getDocumentation(String, HttpServletRequest)]
2020-01-22 17:08:25.180  INFO 16265 --- [restartedMain] o.s.s.concurrent.ThreadPoolTaskExecutor  : Initializing ExecutorService 'applicationTaskExecutor'
2020-01-22 17:08:25.669  WARN 16265 --- [restartedMain] ion$DefaultTemplateResolverConfiguration : Cannot find template location: classpath:/templates/ (please add some templates or check your Thymeleaf configuration)
2020-01-22 17:08:26.516  INFO 16265 --- [restartedMain] d.s.w.p.DocumentationPluginsBootstrapper : Context refreshed
2020-01-22 17:08:26.708  INFO 16265 --- [restartedMain] d.s.w.p.DocumentationPluginsBootstrapper : Found 1 custom documentation plugin(s)
2020-01-22 17:08:26.749  INFO 16265 --- [restartedMain] s.d.s.w.s.ApiListingReferenceScanner     : Scanning for api listing references
2020-01-22 17:08:27.431  INFO 16265 --- [restartedMain] o.s.a.r.c.CachingConnectionFactory       : Attempting to connect to: [localhost:5672]
2020-01-22 17:08:27.491  INFO 16265 --- [restartedMain] o.s.a.r.c.CachingConnectionFactory       : Created new connection: rabbitConnectionFactory#202b72be:0/SimpleConnection@3ab8c988 [delegate=amqp://guest@127.0.0.1:5672/, localPort= 36418]
2020-01-22 17:08:27.500  INFO 16265 --- [restartedMain] o.s.amqp.rabbit.core.RabbitAdmin         : Auto-declaring a non-durable, auto-delete, or exclusive Queue (userMessageQueue) durable:false, auto-delete:false, exclusive:false. It will be redeclared if the broker stops and is restarted while the connection factory is alive, but all messages will be lost.
2020-01-22 17:08:27.868  INFO 16265 --- [restartedMain] o.s.b.w.embedded.tomcat.TomcatWebServer  : Tomcat started on port(s): 8081 (http) with context path ''
2020-01-22 17:08:27.877  INFO 16265 --- [restartedMain] c.bridgelabz.note.FundoonoteApplication  : Started FundoonoteApplication in 14.95 seconds (JVM running for 16.555)
2020-01-22 17:09:22.235  INFO 16265 --- [RMI TCP Connection(2)-127.0.0.1] inMXBeanRegistrar$SpringApplicationAdmin : Application shutdown requested.
2020-01-22 17:09:22.248  INFO 16265 --- [RMI TCP Connection(2)-127.0.0.1] o.s.a.r.l.SimpleMessageListenerContainer : Waiting for workers to finish.
2020-01-22 17:09:22.664  INFO 16265 --- [RMI TCP Connection(2)-127.0.0.1] o.s.a.r.l.SimpleMessageListenerContainer : Successfully waited for workers to finish.
2020-01-22 17:09:22.681  INFO 16265 --- [RMI TCP Connection(2)-127.0.0.1] o.s.s.concurrent.ThreadPoolTaskExecutor  : Shutting down ExecutorService 'applicationTaskExecutor'
2020-01-22 17:09:22.722  INFO 16265 --- [RMI TCP Connection(2)-127.0.0.1] o.s.a.r.l.SimpleMessageListenerContainer : Shutdown ignored - container is not active already
