2020-01-18 08:51:47.293  INFO 5740 --- [restartedMain] com.bridgelabz.FundooappApplication      : Starting FundooappApplication on FH400 with PID 5740 (/home/user/Documents/Springboot/Fundoouser/target/classes started by user in /home/user/Documents/Springboot/Fundoouser)
2020-01-18 08:51:47.304  INFO 5740 --- [restartedMain] com.bridgelabz.FundooappApplication      : No active profile set, falling back to default profiles: default
2020-01-18 08:51:47.439  INFO 5740 --- [restartedMain] .e.DevToolsPropertyDefaultsPostProcessor : Devtools property defaults active! Set 'spring.devtools.add-properties' to 'false' to disable
2020-01-18 08:51:47.440  INFO 5740 --- [restartedMain] .e.DevToolsPropertyDefaultsPostProcessor : For additional web related logging consider setting the 'logging.level.web' property to 'DEBUG'
2020-01-18 08:51:49.040  INFO 5740 --- [restartedMain] .s.d.r.c.RepositoryConfigurationDelegate : Multiple Spring Data modules found, entering strict repository configuration mode!
2020-01-18 08:51:49.042  INFO 5740 --- [restartedMain] .s.d.r.c.RepositoryConfigurationDelegate : Bootstrapping Spring Data repositories in DEFAULT mode.
2020-01-18 08:51:49.064  INFO 5740 --- [restartedMain] .s.d.r.c.RepositoryConfigurationDelegate : Finished Spring Data repository scanning in 7ms. Found 0 repository interfaces.
2020-01-18 08:51:49.493  INFO 5740 --- [restartedMain] .s.d.r.c.RepositoryConfigurationDelegate : Multiple Spring Data modules found, entering strict repository configuration mode!
2020-01-18 08:51:49.494  INFO 5740 --- [restartedMain] .s.d.r.c.RepositoryConfigurationDelegate : Bootstrapping Spring Data repositories in DEFAULT mode.
2020-01-18 08:51:49.552  INFO 5740 --- [restartedMain] .s.d.r.c.RepositoryConfigurationDelegate : Finished Spring Data repository scanning in 56ms. Found 1 repository interfaces.
2020-01-18 08:51:49.562  INFO 5740 --- [restartedMain] .s.d.r.c.RepositoryConfigurationDelegate : Multiple Spring Data modules found, entering strict repository configuration mode!
2020-01-18 08:51:49.562  INFO 5740 --- [restartedMain] .s.d.r.c.RepositoryConfigurationDelegate : Bootstrapping Spring Data repositories in DEFAULT mode.
2020-01-18 08:51:49.571  INFO 5740 --- [restartedMain] .RepositoryConfigurationExtensionSupport : Spring Data Redis - Could not safely identify store assignment for repository candidate interface com.bridgelabz.repo.Userrepo. If you want this repository to be a Redis repository, consider annotating your entities with one of these annotations: org.springframework.data.redis.core.RedisHash (preferred), or consider extending one of the following types with your repository: org.springframework.data.keyvalue.repository.KeyValueRepository.
2020-01-18 08:51:49.572  INFO 5740 --- [restartedMain] .s.d.r.c.RepositoryConfigurationDelegate : Finished Spring Data repository scanning in 8ms. Found 0 repository interfaces.
2020-01-18 08:51:50.648  INFO 5740 --- [restartedMain] o.s.b.w.embedded.tomcat.TomcatWebServer  : Tomcat initialized with port(s): 8080 (http)
2020-01-18 08:51:50.660  INFO 5740 --- [restartedMain] o.apache.catalina.core.StandardService   : Starting service [Tomcat]
2020-01-18 08:51:50.661  INFO 5740 --- [restartedMain] org.apache.catalina.core.StandardEngine  : Starting Servlet engine: [Apache Tomcat/9.0.27]
2020-01-18 08:51:50.790  INFO 5740 --- [restartedMain] o.a.c.c.C.[Tomcat].[localhost].[/]       : Initializing Spring embedded WebApplicationContext
2020-01-18 08:51:50.887  INFO 5740 --- [restartedMain] o.s.web.context.ContextLoader            : Root WebApplicationContext: initialization completed in 3446 ms
2020-01-18 08:51:51.278  INFO 5740 --- [restartedMain] org.mongodb.driver.cluster               : Cluster created with settings {hosts=[localhost:27017], mode=MULTIPLE, requiredClusterType=UNKNOWN, serverSelectionTimeout='30000 ms', maxWaitQueueSize=500}
2020-01-18 08:51:51.279  INFO 5740 --- [restartedMain] org.mongodb.driver.cluster               : Adding discovered server localhost:27017 to client view of cluster
2020-01-18 08:51:51.362  INFO 5740 --- [cluster-ClusterId{value='5e2279cf0e21c2671d9c858a', description='null'}-localhost:27017] org.mongodb.driver.connection            : Opened connection [connectionId{localValue:1, serverValue:2}] to localhost:27017
2020-01-18 08:51:51.405  INFO 5740 --- [cluster-ClusterId{value='5e2279cf0e21c2671d9c858a', description='null'}-localhost:27017] org.mongodb.driver.cluster               : Monitor thread successfully connected to server with description ServerDescription{address=localhost:27017, type=STANDALONE, state=CONNECTED, ok=true, version=ServerVersion{versionList=[3, 6, 8]}, minWireVersion=0, maxWireVersion=6, maxDocumentSize=16777216, logicalSessionTimeoutMinutes=30, roundTripTimeNanos=30476266}
2020-01-18 08:51:51.416  INFO 5740 --- [cluster-ClusterId{value='5e2279cf0e21c2671d9c858a', description='null'}-localhost:27017] org.mongodb.driver.cluster               : Discovered cluster type of STANDALONE
2020-01-18 08:51:51.528  WARN 5740 --- [restartedMain] o.s.data.convert.CustomConversions       : Registering converter from class java.time.LocalDateTime to class java.time.Instant as reading converter although it doesn't convert from a store-supported type! You might wanna check you annotation setup at the converter implementation.
2020-01-18 08:51:51.530  WARN 5740 --- [restartedMain] o.s.data.convert.CustomConversions       : Registering converter from class java.time.Instant to class java.time.LocalDateTime as reading converter although it doesn't convert from a store-supported type! You might wanna check you annotation setup at the converter implementation.
2020-01-18 08:51:51.857  WARN 5740 --- [restartedMain] o.s.b.d.a.OptionalLiveReloadServer       : Unable to start LiveReload server
2020-01-18 08:51:51.901  WARN 5740 --- [restartedMain] o.s.data.convert.CustomConversions       : Registering converter from class java.time.LocalDateTime to class java.time.Instant as reading converter although it doesn't convert from a store-supported type! You might wanna check you annotation setup at the converter implementation.
2020-01-18 08:51:51.905  WARN 5740 --- [restartedMain] o.s.data.convert.CustomConversions       : Registering converter from class java.time.Instant to class java.time.LocalDateTime as reading converter although it doesn't convert from a store-supported type! You might wanna check you annotation setup at the converter implementation.
2020-01-18 08:51:53.943  INFO 5740 --- [restartedMain] pertySourcedRequestMappingHandlerMapping : Mapped URL path [/v2/api-docs] onto method [springfox.documentation.swagger2.web.Swagger2Controller#getDocumentation(String, HttpServletRequest)]
2020-01-18 08:51:54.135  INFO 5740 --- [restartedMain] o.s.s.concurrent.ThreadPoolTaskExecutor  : Initializing ExecutorService 'applicationTaskExecutor'
2020-01-18 08:51:54.347  WARN 5740 --- [restartedMain] ion$DefaultTemplateResolverConfiguration : Cannot find template location: classpath:/templates/ (please add some templates or check your Thymeleaf configuration)
2020-01-18 08:51:54.728  INFO 5740 --- [restartedMain] d.s.w.p.DocumentationPluginsBootstrapper : Context refreshed
2020-01-18 08:51:54.749  INFO 5740 --- [restartedMain] d.s.w.p.DocumentationPluginsBootstrapper : Found 1 custom documentation plugin(s)
2020-01-18 08:51:54.788  INFO 5740 --- [restartedMain] s.d.s.w.s.ApiListingReferenceScanner     : Scanning for api listing references
2020-01-18 08:51:55.171  INFO 5740 --- [restartedMain] o.s.a.r.c.CachingConnectionFactory       : Attempting to connect to: [localhost:5672]
2020-01-18 08:51:55.358  INFO 5740 --- [restartedMain] o.s.a.r.c.CachingConnectionFactory       : Created new connection: rabbitConnectionFactory#402c47b1:0/SimpleConnection@65b0d0db [delegate=amqp://guest@127.0.0.1:5672/, localPort= 39004]
2020-01-18 08:51:55.365  INFO 5740 --- [restartedMain] o.s.amqp.rabbit.core.RabbitAdmin         : Auto-declaring a non-durable, auto-delete, or exclusive Queue (userMessageQueue) durable:false, auto-delete:false, exclusive:false. It will be redeclared if the broker stops and is restarted while the connection factory is alive, but all messages will be lost.
2020-01-18 08:51:55.686  INFO 5740 --- [restartedMain] o.s.b.w.embedded.tomcat.TomcatWebServer  : Tomcat started on port(s): 8080 (http) with context path ''
2020-01-18 08:51:55.692  INFO 5740 --- [restartedMain] com.bridgelabz.FundooappApplication      : Started FundooappApplication in 9.298 seconds (JVM running for 11.219)
2020-01-18 10:16:19.436  INFO 5740 --- [Thread-1] o.s.a.r.l.SimpleMessageListenerContainer : Waiting for workers to finish.
2020-01-18 10:16:19.758  INFO 5740 --- [Thread-1] o.s.a.r.l.SimpleMessageListenerContainer : Successfully waited for workers to finish.
2020-01-18 10:16:19.768  INFO 5740 --- [Thread-1] o.s.s.concurrent.ThreadPoolTaskExecutor  : Shutting down ExecutorService 'applicationTaskExecutor'
2020-01-18 10:16:19.778  INFO 5740 --- [Thread-1] o.s.a.r.l.SimpleMessageListenerContainer : Shutdown ignored - container is not active already
2020-01-18 10:16:20.546  INFO 5740 --- [restartedMain] com.bridgelabz.FundooappApplication      : Starting FundooappApplication on FH400 with PID 5740 (/home/user/Documents/Springboot/Fundoouser/target/classes started by user in /home/user/Documents/Springboot/Fundoouser)
2020-01-18 10:16:20.547  INFO 5740 --- [restartedMain] com.bridgelabz.FundooappApplication      : No active profile set, falling back to default profiles: default
2020-01-18 10:16:21.252  INFO 5740 --- [restartedMain] .s.d.r.c.RepositoryConfigurationDelegate : Multiple Spring Data modules found, entering strict repository configuration mode!
2020-01-18 10:16:21.253  INFO 5740 --- [restartedMain] .s.d.r.c.RepositoryConfigurationDelegate : Bootstrapping Spring Data repositories in DEFAULT mode.
2020-01-18 10:16:21.256  INFO 5740 --- [restartedMain] .s.d.r.c.RepositoryConfigurationDelegate : Finished Spring Data repository scanning in 2ms. Found 0 repository interfaces.
2020-01-18 10:16:21.406  INFO 5740 --- [restartedMain] .s.d.r.c.RepositoryConfigurationDelegate : Multiple Spring Data modules found, entering strict repository configuration mode!
2020-01-18 10:16:21.407  INFO 5740 --- [restartedMain] .s.d.r.c.RepositoryConfigurationDelegate : Bootstrapping Spring Data repositories in DEFAULT mode.
2020-01-18 10:16:21.589  INFO 5740 --- [restartedMain] .s.d.r.c.RepositoryConfigurationDelegate : Finished Spring Data repository scanning in 181ms. Found 1 repository interfaces.
2020-01-18 10:16:21.601  INFO 5740 --- [restartedMain] .s.d.r.c.RepositoryConfigurationDelegate : Multiple Spring Data modules found, entering strict repository configuration mode!
2020-01-18 10:16:21.601  INFO 5740 --- [restartedMain] .s.d.r.c.RepositoryConfigurationDelegate : Bootstrapping Spring Data repositories in DEFAULT mode.
2020-01-18 10:16:21.608  INFO 5740 --- [restartedMain] .RepositoryConfigurationExtensionSupport : Spring Data Redis - Could not safely identify store assignment for repository candidate interface com.bridgelabz.repo.Userrepo. If you want this repository to be a Redis repository, consider annotating your entities with one of these annotations: org.springframework.data.redis.core.RedisHash (preferred), or consider extending one of the following types with your repository: org.springframework.data.keyvalue.repository.KeyValueRepository.
2020-01-18 10:16:21.609  INFO 5740 --- [restartedMain] .s.d.r.c.RepositoryConfigurationDelegate : Finished Spring Data repository scanning in 6ms. Found 0 repository interfaces.
2020-01-18 10:16:22.017  WARN 5740 --- [restartedMain] org.apache.tomcat.util.modeler.Registry  : The MBean registry cannot be disabled because it has already been initialised
2020-01-18 10:16:22.297  INFO 5740 --- [restartedMain] o.s.b.w.embedded.tomcat.TomcatWebServer  : Tomcat initialized with port(s): 8080 (http)
2020-01-18 10:16:22.299  INFO 5740 --- [restartedMain] o.apache.catalina.core.StandardService   : Starting service [Tomcat]
2020-01-18 10:16:22.299  INFO 5740 --- [restartedMain] org.apache.catalina.core.StandardEngine  : Starting Servlet engine: [Apache Tomcat/9.0.27]
2020-01-18 10:16:22.339  INFO 5740 --- [restartedMain] o.a.c.c.C.[Tomcat].[localhost].[/]       : Initializing Spring embedded WebApplicationContext
2020-01-18 10:16:22.340  INFO 5740 --- [restartedMain] o.s.web.context.ContextLoader            : Root WebApplicationContext: initialization completed in 1788 ms
2020-01-18 10:16:22.654  INFO 5740 --- [restartedMain] org.mongodb.driver.cluster               : Cluster created with settings {hosts=[localhost:27017], mode=MULTIPLE, requiredClusterType=UNKNOWN, serverSelectionTimeout='30000 ms', maxWaitQueueSize=500}
2020-01-18 10:16:22.658  INFO 5740 --- [restartedMain] org.mongodb.driver.cluster               : Adding discovered server localhost:27017 to client view of cluster
2020-01-18 10:16:22.676  INFO 5740 --- [cluster-ClusterId{value='5e228d9e0e21c2671d9c858b', description='null'}-localhost:27017] org.mongodb.driver.connection            : Opened connection [connectionId{localValue:2, serverValue:14}] to localhost:27017
2020-01-18 10:16:22.686  INFO 5740 --- [cluster-ClusterId{value='5e228d9e0e21c2671d9c858b', description='null'}-localhost:27017] org.mongodb.driver.cluster               : Monitor thread successfully connected to server with description ServerDescription{address=localhost:27017, type=STANDALONE, state=CONNECTED, ok=true, version=ServerVersion{versionList=[3, 6, 8]}, minWireVersion=0, maxWireVersion=6, maxDocumentSize=16777216, logicalSessionTimeoutMinutes=30, roundTripTimeNanos=625942}
2020-01-18 10:16:22.687  INFO 5740 --- [cluster-ClusterId{value='5e228d9e0e21c2671d9c858b', description='null'}-localhost:27017] org.mongodb.driver.cluster               : Discovered cluster type of STANDALONE
2020-01-18 10:16:22.694  WARN 5740 --- [restartedMain] o.s.data.convert.CustomConversions       : Registering converter from class java.time.LocalDateTime to class java.time.Instant as reading converter although it doesn't convert from a store-supported type! You might wanna check you annotation setup at the converter implementation.
2020-01-18 10:16:22.694  WARN 5740 --- [restartedMain] o.s.data.convert.CustomConversions       : Registering converter from class java.time.Instant to class java.time.LocalDateTime as reading converter although it doesn't convert from a store-supported type! You might wanna check you annotation setup at the converter implementation.
2020-01-18 10:16:22.790  WARN 5740 --- [restartedMain] o.s.b.d.a.OptionalLiveReloadServer       : Unable to start LiveReload server
2020-01-18 10:16:22.806  WARN 5740 --- [restartedMain] o.s.data.convert.CustomConversions       : Registering converter from class java.time.LocalDateTime to class java.time.Instant as reading converter although it doesn't convert from a store-supported type! You might wanna check you annotation setup at the converter implementation.
2020-01-18 10:16:22.809  WARN 5740 --- [restartedMain] o.s.data.convert.CustomConversions       : Registering converter from class java.time.Instant to class java.time.LocalDateTime as reading converter although it doesn't convert from a store-supported type! You might wanna check you annotation setup at the converter implementation.
2020-01-18 10:16:23.973  INFO 5740 --- [restartedMain] pertySourcedRequestMappingHandlerMapping : Mapped URL path [/v2/api-docs] onto method [springfox.documentation.swagger2.web.Swagger2Controller#getDocumentation(String, HttpServletRequest)]
2020-01-18 10:16:24.287  INFO 5740 --- [restartedMain] o.s.s.concurrent.ThreadPoolTaskExecutor  : Initializing ExecutorService 'applicationTaskExecutor'
2020-01-18 10:16:24.539  WARN 5740 --- [restartedMain] ion$DefaultTemplateResolverConfiguration : Cannot find template location: classpath:/templates/ (please add some templates or check your Thymeleaf configuration)
2020-01-18 10:16:25.119  INFO 5740 --- [restartedMain] d.s.w.p.DocumentationPluginsBootstrapper : Context refreshed
2020-01-18 10:16:25.121  INFO 5740 --- [restartedMain] d.s.w.p.DocumentationPluginsBootstrapper : Found 1 custom documentation plugin(s)
2020-01-18 10:16:25.127  INFO 5740 --- [restartedMain] s.d.s.w.s.ApiListingReferenceScanner     : Scanning for api listing references
2020-01-18 10:16:25.766  INFO 5740 --- [restartedMain] o.s.a.r.c.CachingConnectionFactory       : Attempting to connect to: [localhost:5672]
2020-01-18 10:16:25.892  INFO 5740 --- [restartedMain] o.s.a.r.c.CachingConnectionFactory       : Created new connection: rabbitConnectionFactory#770bf33e:0/SimpleConnection@b46841a [delegate=amqp://guest@127.0.0.1:5672/, localPort= 57830]
2020-01-18 10:16:25.894  INFO 5740 --- [restartedMain] o.s.amqp.rabbit.core.RabbitAdmin         : Auto-declaring a non-durable, auto-delete, or exclusive Queue (userMessageQueue) durable:false, auto-delete:false, exclusive:false. It will be redeclared if the broker stops and is restarted while the connection factory is alive, but all messages will be lost.
2020-01-18 10:16:26.102  INFO 5740 --- [restartedMain] o.s.b.w.embedded.tomcat.TomcatWebServer  : Tomcat started on port(s): 8080 (http) with context path ''
2020-01-18 10:16:26.104  INFO 5740 --- [restartedMain] com.bridgelabz.FundooappApplication      : Started FundooappApplication in 5.623 seconds (JVM running for 5081.631)
2020-01-18 10:16:26.113  INFO 5740 --- [restartedMain] .ConditionEvaluationDeltaLoggingListener : Condition evaluation unchanged
2020-01-18 10:16:28.552  INFO 5740 --- [RMI TCP Connection(2)-127.0.0.1] inMXBeanRegistrar$SpringApplicationAdmin : Application shutdown requested.
2020-01-18 10:16:28.577  INFO 5740 --- [RMI TCP Connection(2)-127.0.0.1] o.s.a.r.l.SimpleMessageListenerContainer : Waiting for workers to finish.
2020-01-18 10:16:28.952  INFO 5740 --- [RMI TCP Connection(3)-127.0.0.1] inMXBeanRegistrar$SpringApplicationAdmin : Application shutdown requested.
2020-01-18 10:16:28.975  INFO 5740 --- [RMI TCP Connection(2)-127.0.0.1] o.s.a.r.l.SimpleMessageListenerContainer : Successfully waited for workers to finish.
2020-01-18 10:16:28.985  INFO 5740 --- [RMI TCP Connection(2)-127.0.0.1] o.s.s.concurrent.ThreadPoolTaskExecutor  : Shutting down ExecutorService 'applicationTaskExecutor'
2020-01-18 10:16:28.987  INFO 5740 --- [RMI TCP Connection(2)-127.0.0.1] o.s.a.r.l.SimpleMessageListenerContainer : Shutdown ignored - container is not active already
2020-01-18 10:37:38.218  INFO 13292 --- [restartedMain] com.bridgelabz.FundooappApplication      : Starting FundooappApplication on FH400 with PID 13292 (/home/user/Documents/Springboot/Fundoouser/target/classes started by user in /home/user/Documents/Springboot/Fundoouser)
2020-01-18 10:37:38.238  INFO 13292 --- [restartedMain] com.bridgelabz.FundooappApplication      : No active profile set, falling back to default profiles: default
2020-01-18 10:37:38.222  INFO 13293 --- [restartedMain] com.bridgelabz.FundooappApplication      : Starting FundooappApplication on FH400 with PID 13293 (/home/user/Documents/Springboot/Fundoouser/target/classes started by user in /home/user/Documents/Springboot/Fundoouser)
2020-01-18 10:37:38.246  INFO 13293 --- [restartedMain] com.bridgelabz.FundooappApplication      : No active profile set, falling back to default profiles: default
2020-01-18 10:37:39.188  INFO 13293 --- [restartedMain] .e.DevToolsPropertyDefaultsPostProcessor : Devtools property defaults active! Set 'spring.devtools.add-properties' to 'false' to disable
2020-01-18 10:37:39.195  INFO 13293 --- [restartedMain] .e.DevToolsPropertyDefaultsPostProcessor : For additional web related logging consider setting the 'logging.level.web' property to 'DEBUG'
2020-01-18 10:37:39.233  INFO 13292 --- [restartedMain] .e.DevToolsPropertyDefaultsPostProcessor : Devtools property defaults active! Set 'spring.devtools.add-properties' to 'false' to disable
2020-01-18 10:37:39.234  INFO 13292 --- [restartedMain] .e.DevToolsPropertyDefaultsPostProcessor : For additional web related logging consider setting the 'logging.level.web' property to 'DEBUG'
2020-01-18 10:37:43.462  INFO 13292 --- [restartedMain] .s.d.r.c.RepositoryConfigurationDelegate : Multiple Spring Data modules found, entering strict repository configuration mode!
2020-01-18 10:37:43.464  INFO 13292 --- [restartedMain] .s.d.r.c.RepositoryConfigurationDelegate : Bootstrapping Spring Data repositories in DEFAULT mode.
2020-01-18 10:37:43.468  INFO 13293 --- [restartedMain] .s.d.r.c.RepositoryConfigurationDelegate : Multiple Spring Data modules found, entering strict repository configuration mode!
2020-01-18 10:37:43.470  INFO 13293 --- [restartedMain] .s.d.r.c.RepositoryConfigurationDelegate : Bootstrapping Spring Data repositories in DEFAULT mode.
2020-01-18 10:37:43.855  INFO 13293 --- [restartedMain] .s.d.r.c.RepositoryConfigurationDelegate : Finished Spring Data repository scanning in 9ms. Found 0 repository interfaces.
2020-01-18 10:37:43.871  INFO 13292 --- [restartedMain] .s.d.r.c.RepositoryConfigurationDelegate : Finished Spring Data repository scanning in 26ms. Found 0 repository interfaces.
2020-01-18 10:37:45.009  INFO 13293 --- [restartedMain] .s.d.r.c.RepositoryConfigurationDelegate : Multiple Spring Data modules found, entering strict repository configuration mode!
2020-01-18 10:37:45.011  INFO 13293 --- [restartedMain] .s.d.r.c.RepositoryConfigurationDelegate : Bootstrapping Spring Data repositories in DEFAULT mode.
2020-01-18 10:37:45.031  INFO 13292 --- [restartedMain] .s.d.r.c.RepositoryConfigurationDelegate : Multiple Spring Data modules found, entering strict repository configuration mode!
2020-01-18 10:37:45.032  INFO 13292 --- [restartedMain] .s.d.r.c.RepositoryConfigurationDelegate : Bootstrapping Spring Data repositories in DEFAULT mode.
2020-01-18 10:37:45.186  INFO 13292 --- [restartedMain] .s.d.r.c.RepositoryConfigurationDelegate : Finished Spring Data repository scanning in 153ms. Found 1 repository interfaces.
2020-01-18 10:37:45.210  INFO 13292 --- [restartedMain] .s.d.r.c.RepositoryConfigurationDelegate : Multiple Spring Data modules found, entering strict repository configuration mode!
2020-01-18 10:37:45.214  INFO 13292 --- [restartedMain] .s.d.r.c.RepositoryConfigurationDelegate : Bootstrapping Spring Data repositories in DEFAULT mode.
2020-01-18 10:37:45.231  INFO 13292 --- [restartedMain] .RepositoryConfigurationExtensionSupport : Spring Data Redis - Could not safely identify store assignment for repository candidate interface com.bridgelabz.repo.Userrepo. If you want this repository to be a Redis repository, consider annotating your entities with one of these annotations: org.springframework.data.redis.core.RedisHash (preferred), or consider extending one of the following types with your repository: org.springframework.data.keyvalue.repository.KeyValueRepository.
2020-01-18 10:37:45.232  INFO 13292 --- [restartedMain] .s.d.r.c.RepositoryConfigurationDelegate : Finished Spring Data repository scanning in 17ms. Found 0 repository interfaces.
2020-01-18 10:37:45.281  INFO 13293 --- [restartedMain] .s.d.r.c.RepositoryConfigurationDelegate : Finished Spring Data repository scanning in 268ms. Found 1 repository interfaces.
2020-01-18 10:37:45.344  INFO 13293 --- [restartedMain] .s.d.r.c.RepositoryConfigurationDelegate : Multiple Spring Data modules found, entering strict repository configuration mode!
2020-01-18 10:37:45.348  INFO 13293 --- [restartedMain] .s.d.r.c.RepositoryConfigurationDelegate : Bootstrapping Spring Data repositories in DEFAULT mode.
2020-01-18 10:37:45.378  INFO 13293 --- [restartedMain] .RepositoryConfigurationExtensionSupport : Spring Data Redis - Could not safely identify store assignment for repository candidate interface com.bridgelabz.repo.Userrepo. If you want this repository to be a Redis repository, consider annotating your entities with one of these annotations: org.springframework.data.redis.core.RedisHash (preferred), or consider extending one of the following types with your repository: org.springframework.data.keyvalue.repository.KeyValueRepository.
2020-01-18 10:37:45.383  INFO 13293 --- [restartedMain] .s.d.r.c.RepositoryConfigurationDelegate : Finished Spring Data repository scanning in 33ms. Found 0 repository interfaces.
2020-01-18 10:37:49.949  INFO 13292 --- [restartedMain] o.s.b.w.embedded.tomcat.TomcatWebServer  : Tomcat initialized with port(s): 8080 (http)
2020-01-18 10:37:49.985  INFO 13293 --- [restartedMain] o.s.b.w.embedded.tomcat.TomcatWebServer  : Tomcat initialized with port(s): 8080 (http)
2020-01-18 10:37:50.205  INFO 13293 --- [restartedMain] o.apache.catalina.core.StandardService   : Starting service [Tomcat]
2020-01-18 10:37:50.205  INFO 13292 --- [restartedMain] o.apache.catalina.core.StandardService   : Starting service [Tomcat]
2020-01-18 10:37:50.207  INFO 13292 --- [restartedMain] org.apache.catalina.core.StandardEngine  : Starting Servlet engine: [Apache Tomcat/9.0.27]
2020-01-18 10:37:50.206  INFO 13293 --- [restartedMain] org.apache.catalina.core.StandardEngine  : Starting Servlet engine: [Apache Tomcat/9.0.27]
2020-01-18 10:37:50.875  INFO 13292 --- [restartedMain] o.a.c.c.C.[Tomcat].[localhost].[/]       : Initializing Spring embedded WebApplicationContext
2020-01-18 10:37:50.876  INFO 13292 --- [restartedMain] o.s.web.context.ContextLoader            : Root WebApplicationContext: initialization completed in 11641 ms
2020-01-18 10:37:50.888  INFO 13293 --- [restartedMain] o.a.c.c.C.[Tomcat].[localhost].[/]       : Initializing Spring embedded WebApplicationContext
2020-01-18 10:37:50.889  INFO 13293 --- [restartedMain] o.s.web.context.ContextLoader            : Root WebApplicationContext: initialization completed in 11686 ms
2020-01-18 10:37:59.803  INFO 13426 --- [restartedMain] com.bridgelabz.FundooappApplication      : Starting FundooappApplication on FH400 with PID 13426 (/home/user/Documents/Springboot/Fundoouser/target/classes started by user in /home/user/Documents/Springboot/Fundoouser)
2020-01-18 10:37:59.808  INFO 13426 --- [restartedMain] com.bridgelabz.FundooappApplication      : No active profile set, falling back to default profiles: default
2020-01-18 10:37:59.950  INFO 13426 --- [restartedMain] .e.DevToolsPropertyDefaultsPostProcessor : Devtools property defaults active! Set 'spring.devtools.add-properties' to 'false' to disable
2020-01-18 10:37:59.951  INFO 13426 --- [restartedMain] .e.DevToolsPropertyDefaultsPostProcessor : For additional web related logging consider setting the 'logging.level.web' property to 'DEBUG'
2020-01-18 10:38:01.817  INFO 13426 --- [restartedMain] .s.d.r.c.RepositoryConfigurationDelegate : Multiple Spring Data modules found, entering strict repository configuration mode!
2020-01-18 10:38:01.819  INFO 13426 --- [restartedMain] .s.d.r.c.RepositoryConfigurationDelegate : Bootstrapping Spring Data repositories in DEFAULT mode.
2020-01-18 10:38:01.884  INFO 13426 --- [restartedMain] .s.d.r.c.RepositoryConfigurationDelegate : Finished Spring Data repository scanning in 34ms. Found 0 repository interfaces.
2020-01-18 10:39:41.598  INFO 13614 --- [restartedMain] com.bridgelabz.FundooappApplication      : Starting FundooappApplication on FH400 with PID 13614 (/home/user/Documents/Springboot/Fundoouser/target/classes started by user in /home/user/Documents/Springboot/Fundoouser)
2020-01-18 10:39:41.613  INFO 13614 --- [restartedMain] com.bridgelabz.FundooappApplication      : No active profile set, falling back to default profiles: default
2020-01-18 10:39:41.946  INFO 13614 --- [restartedMain] .e.DevToolsPropertyDefaultsPostProcessor : Devtools property defaults active! Set 'spring.devtools.add-properties' to 'false' to disable
2020-01-18 10:39:41.948  INFO 13614 --- [restartedMain] .e.DevToolsPropertyDefaultsPostProcessor : For additional web related logging consider setting the 'logging.level.web' property to 'DEBUG'
2020-01-18 10:39:43.493  INFO 13614 --- [restartedMain] .s.d.r.c.RepositoryConfigurationDelegate : Multiple Spring Data modules found, entering strict repository configuration mode!
2020-01-18 10:39:43.495  INFO 13614 --- [restartedMain] .s.d.r.c.RepositoryConfigurationDelegate : Bootstrapping Spring Data repositories in DEFAULT mode.
2020-01-18 10:39:43.543  INFO 13614 --- [restartedMain] .s.d.r.c.RepositoryConfigurationDelegate : Finished Spring Data repository scanning in 14ms. Found 0 repository interfaces.
2020-01-18 10:39:43.915  INFO 13614 --- [restartedMain] .s.d.r.c.RepositoryConfigurationDelegate : Multiple Spring Data modules found, entering strict repository configuration mode!
2020-01-18 10:39:43.916  INFO 13614 --- [restartedMain] .s.d.r.c.RepositoryConfigurationDelegate : Bootstrapping Spring Data repositories in DEFAULT mode.
2020-01-18 10:39:43.991  INFO 13614 --- [restartedMain] .s.d.r.c.RepositoryConfigurationDelegate : Finished Spring Data repository scanning in 74ms. Found 1 repository interfaces.
2020-01-18 10:39:44.004  INFO 13614 --- [restartedMain] .s.d.r.c.RepositoryConfigurationDelegate : Multiple Spring Data modules found, entering strict repository configuration mode!
2020-01-18 10:39:44.005  INFO 13614 --- [restartedMain] .s.d.r.c.RepositoryConfigurationDelegate : Bootstrapping Spring Data repositories in DEFAULT mode.
2020-01-18 10:39:44.017  INFO 13614 --- [restartedMain] .RepositoryConfigurationExtensionSupport : Spring Data Redis - Could not safely identify store assignment for repository candidate interface com.bridgelabz.repo.Userrepo. If you want this repository to be a Redis repository, consider annotating your entities with one of these annotations: org.springframework.data.redis.core.RedisHash (preferred), or consider extending one of the following types with your repository: org.springframework.data.keyvalue.repository.KeyValueRepository.
2020-01-18 10:39:44.017  INFO 13614 --- [restartedMain] .s.d.r.c.RepositoryConfigurationDelegate : Finished Spring Data repository scanning in 11ms. Found 0 repository interfaces.
2020-01-18 10:39:45.036  INFO 13614 --- [restartedMain] o.s.b.w.embedded.tomcat.TomcatWebServer  : Tomcat initialized with port(s): 8080 (http)
2020-01-18 10:39:45.049  INFO 13614 --- [restartedMain] o.apache.catalina.core.StandardService   : Starting service [Tomcat]
2020-01-18 10:39:45.050  INFO 13614 --- [restartedMain] org.apache.catalina.core.StandardEngine  : Starting Servlet engine: [Apache Tomcat/9.0.27]
2020-01-18 10:39:45.162  INFO 13614 --- [restartedMain] o.a.c.c.C.[Tomcat].[localhost].[/]       : Initializing Spring embedded WebApplicationContext
2020-01-18 10:39:45.163  INFO 13614 --- [restartedMain] o.s.web.context.ContextLoader            : Root WebApplicationContext: initialization completed in 3212 ms
2020-01-18 10:39:45.970  INFO 13614 --- [restartedMain] org.mongodb.driver.cluster               : Cluster created with settings {hosts=[localhost:27017], mode=MULTIPLE, requiredClusterType=UNKNOWN, serverSelectionTimeout='30000 ms', maxWaitQueueSize=500}
2020-01-18 10:39:45.971  INFO 13614 --- [restartedMain] org.mongodb.driver.cluster               : Adding discovered server localhost:27017 to client view of cluster
2020-01-18 10:39:46.083  INFO 13614 --- [cluster-ClusterId{value='5e22931961fc1c24b1e9bdb3', description='null'}-localhost:27017] org.mongodb.driver.connection            : Opened connection [connectionId{localValue:1, serverValue:60}] to localhost:27017
2020-01-18 10:39:46.105  INFO 13614 --- [cluster-ClusterId{value='5e22931961fc1c24b1e9bdb3', description='null'}-localhost:27017] org.mongodb.driver.cluster               : Monitor thread successfully connected to server with description ServerDescription{address=localhost:27017, type=STANDALONE, state=CONNECTED, ok=true, version=ServerVersion{versionList=[3, 6, 8]}, minWireVersion=0, maxWireVersion=6, maxDocumentSize=16777216, logicalSessionTimeoutMinutes=30, roundTripTimeNanos=15886886}
2020-01-18 10:39:46.115  INFO 13614 --- [cluster-ClusterId{value='5e22931961fc1c24b1e9bdb3', description='null'}-localhost:27017] org.mongodb.driver.cluster               : Discovered cluster type of STANDALONE
2020-01-18 10:39:46.251  WARN 13614 --- [restartedMain] o.s.data.convert.CustomConversions       : Registering converter from class java.time.LocalDateTime to class java.time.Instant as reading converter although it doesn't convert from a store-supported type! You might wanna check you annotation setup at the converter implementation.
2020-01-18 10:39:46.252  WARN 13614 --- [restartedMain] o.s.data.convert.CustomConversions       : Registering converter from class java.time.Instant to class java.time.LocalDateTime as reading converter although it doesn't convert from a store-supported type! You might wanna check you annotation setup at the converter implementation.
2020-01-18 10:39:46.407  INFO 13614 --- [restartedMain] o.s.b.d.a.OptionalLiveReloadServer       : LiveReload server is running on port 35729
2020-01-18 10:39:46.418  WARN 13614 --- [restartedMain] o.s.data.convert.CustomConversions       : Registering converter from class java.time.LocalDateTime to class java.time.Instant as reading converter although it doesn't convert from a store-supported type! You might wanna check you annotation setup at the converter implementation.
2020-01-18 10:39:46.419  WARN 13614 --- [restartedMain] o.s.data.convert.CustomConversions       : Registering converter from class java.time.Instant to class java.time.LocalDateTime as reading converter although it doesn't convert from a store-supported type! You might wanna check you annotation setup at the converter implementation.
2020-01-18 10:39:48.667  INFO 13614 --- [restartedMain] pertySourcedRequestMappingHandlerMapping : Mapped URL path [/v2/api-docs] onto method [springfox.documentation.swagger2.web.Swagger2Controller#getDocumentation(String, HttpServletRequest)]
2020-01-18 10:39:49.310  INFO 13614 --- [restartedMain] o.s.s.concurrent.ThreadPoolTaskExecutor  : Initializing ExecutorService 'applicationTaskExecutor'
2020-01-18 10:39:49.721  WARN 13614 --- [restartedMain] ion$DefaultTemplateResolverConfiguration : Cannot find template location: classpath:/templates/ (please add some templates or check your Thymeleaf configuration)
2020-01-18 10:39:50.286  INFO 13614 --- [restartedMain] d.s.w.p.DocumentationPluginsBootstrapper : Context refreshed
2020-01-18 10:39:50.497  INFO 13614 --- [restartedMain] d.s.w.p.DocumentationPluginsBootstrapper : Found 1 custom documentation plugin(s)
2020-01-18 10:39:50.542  INFO 13614 --- [restartedMain] s.d.s.w.s.ApiListingReferenceScanner     : Scanning for api listing references
2020-01-18 10:39:51.324  INFO 13614 --- [restartedMain] o.s.a.r.c.CachingConnectionFactory       : Attempting to connect to: [localhost:5672]
2020-01-18 10:39:51.373  INFO 13614 --- [restartedMain] o.s.a.r.c.CachingConnectionFactory       : Created new connection: rabbitConnectionFactory#1af76caf:0/SimpleConnection@1c1f069c [delegate=amqp://guest@127.0.0.1:5672/, localPort= 58228]
2020-01-18 10:39:51.381  INFO 13614 --- [restartedMain] o.s.amqp.rabbit.core.RabbitAdmin         : Auto-declaring a non-durable, auto-delete, or exclusive Queue (userMessageQueue) durable:false, auto-delete:false, exclusive:false. It will be redeclared if the broker stops and is restarted while the connection factory is alive, but all messages will be lost.
2020-01-18 10:39:51.524  INFO 13614 --- [restartedMain] o.s.b.w.embedded.tomcat.TomcatWebServer  : Tomcat started on port(s): 8080 (http) with context path ''
2020-01-18 10:39:51.554  INFO 13614 --- [restartedMain] com.bridgelabz.FundooappApplication      : Started FundooappApplication in 10.927 seconds (JVM running for 13.481)
2020-01-18 10:47:18.153  WARN 13614 --- [getContainer-1] s.a.r.l.ConditionalRejectingErrorHandler : Execution of Rabbit message listener failed.

org.springframework.amqp.rabbit.support.ListenerExecutionFailedException: Listener threw exception
	at org.springframework.amqp.rabbit.listener.AbstractMessageListenerContainer.wrapToListenerExecutionFailedExceptionIfNeeded(AbstractMessageListenerContainer.java:1683) ~[spring-rabbit-2.2.1.RELEASE.jar:2.2.1.RELEASE]
	at org.springframework.amqp.rabbit.listener.AbstractMessageListenerContainer.doInvokeListener(AbstractMessageListenerContainer.java:1573) ~[spring-rabbit-2.2.1.RELEASE.jar:2.2.1.RELEASE]
	at org.springframework.amqp.rabbit.listener.AbstractMessageListenerContainer.actualInvokeListener(AbstractMessageListenerContainer.java:1488) ~[spring-rabbit-2.2.1.RELEASE.jar:2.2.1.RELEASE]
	at org.springframework.amqp.rabbit.listener.AbstractMessageListenerContainer.invokeListener(AbstractMessageListenerContainer.java:1476) ~[spring-rabbit-2.2.1.RELEASE.jar:2.2.1.RELEASE]
	at org.springframework.amqp.rabbit.listener.AbstractMessageListenerContainer.doExecuteListener(AbstractMessageListenerContainer.java:1467) ~[spring-rabbit-2.2.1.RELEASE.jar:2.2.1.RELEASE]
	at org.springframework.amqp.rabbit.listener.AbstractMessageListenerContainer.executeListener(AbstractMessageListenerContainer.java:1411) ~[spring-rabbit-2.2.1.RELEASE.jar:2.2.1.RELEASE]
	at org.springframework.amqp.rabbit.listener.SimpleMessageListenerContainer.doReceiveAndExecute(SimpleMessageListenerContainer.java:958) ~[spring-rabbit-2.2.1.RELEASE.jar:2.2.1.RELEASE]
	at org.springframework.amqp.rabbit.listener.SimpleMessageListenerContainer.receiveAndExecute(SimpleMessageListenerContainer.java:908) ~[spring-rabbit-2.2.1.RELEASE.jar:2.2.1.RELEASE]
	at org.springframework.amqp.rabbit.listener.SimpleMessageListenerContainer.access$1600(SimpleMessageListenerContainer.java:81) ~[spring-rabbit-2.2.1.RELEASE.jar:2.2.1.RELEASE]
	at org.springframework.amqp.rabbit.listener.SimpleMessageListenerContainer$AsyncMessageProcessingConsumer.mainLoop(SimpleMessageListenerContainer.java:1279) ~[spring-rabbit-2.2.1.RELEASE.jar:2.2.1.RELEASE]
	at org.springframework.amqp.rabbit.listener.SimpleMessageListenerContainer$AsyncMessageProcessingConsumer.run(SimpleMessageListenerContainer.java:1185) ~[spring-rabbit-2.2.1.RELEASE.jar:2.2.1.RELEASE]
	at java.base/java.lang.Thread.run(Thread.java:834) ~[na:na]
Caused by: org.springframework.amqp.support.converter.MessageConversionException: failed to convert serialized Message content
	at org.springframework.amqp.support.converter.SimpleMessageConverter.fromMessage(SimpleMessageConverter.java:114) ~[spring-amqp-2.2.1.RELEASE.jar:2.2.1.RELEASE]
	at org.springframework.amqp.rabbit.listener.adapter.AbstractAdaptableMessageListener.extractMessage(AbstractAdaptableMessageListener.java:289) ~[spring-rabbit-2.2.1.RELEASE.jar:2.2.1.RELEASE]
	at org.springframework.amqp.rabbit.listener.adapter.MessageListenerAdapter.onMessage(MessageListenerAdapter.java:283) ~[spring-rabbit-2.2.1.RELEASE.jar:2.2.1.RELEASE]
	at org.springframework.amqp.rabbit.listener.AbstractMessageListenerContainer.doInvokeListener(AbstractMessageListenerContainer.java:1569) ~[spring-rabbit-2.2.1.RELEASE.jar:2.2.1.RELEASE]
	... 10 common frames omitted
Caused by: java.lang.IllegalStateException: Could not deserialize object type
	at org.springframework.amqp.utils.SerializationUtils.deserialize(SerializationUtils.java:98) ~[spring-amqp-2.2.1.RELEASE.jar:2.2.1.RELEASE]
	at org.springframework.amqp.support.converter.SimpleMessageConverter.fromMessage(SimpleMessageConverter.java:110) ~[spring-amqp-2.2.1.RELEASE.jar:2.2.1.RELEASE]
	... 13 common frames omitted
Caused by: java.lang.ClassNotFoundException: com.bridgelabz.note.model.Rabbitmqmodel
	at java.base/jdk.internal.loader.BuiltinClassLoader.loadClass(BuiltinClassLoader.java:581) ~[na:na]
	at java.base/jdk.internal.loader.ClassLoaders$AppClassLoader.loadClass(ClassLoaders.java:178) ~[na:na]
	at java.base/java.lang.ClassLoader.loadClass(ClassLoader.java:521) ~[na:na]
	at org.springframework.boot.devtools.restart.classloader.RestartClassLoader.loadClass(RestartClassLoader.java:144) ~[spring-boot-devtools-2.2.1.RELEASE.jar:2.2.1.RELEASE]
	at java.base/java.lang.ClassLoader.loadClass(ClassLoader.java:521) ~[na:na]
	at java.base/java.lang.Class.forName0(Native Method) ~[na:na]
	at java.base/java.lang.Class.forName(Class.java:398) ~[na:na]
	at org.springframework.util.ClassUtils.forName(ClassUtils.java:277) ~[spring-core-5.2.1.RELEASE.jar:5.2.1.RELEASE]
	at org.springframework.core.ConfigurableObjectInputStream.resolveClass(ConfigurableObjectInputStream.java:76) ~[spring-core-5.2.1.RELEASE.jar:5.2.1.RELEASE]
	at org.springframework.amqp.support.converter.SimpleMessageConverter$1.resolveClass(SimpleMessageConverter.java:178) ~[spring-amqp-2.2.1.RELEASE.jar:2.2.1.RELEASE]
	at java.base/java.io.ObjectInputStream.readNonProxyDesc(ObjectInputStream.java:1886) ~[na:na]
	at java.base/java.io.ObjectInputStream.readClassDesc(ObjectInputStream.java:1772) ~[na:na]
	at java.base/java.io.ObjectInputStream.readOrdinaryObject(ObjectInputStream.java:2060) ~[na:na]
	at java.base/java.io.ObjectInputStream.readObject0(ObjectInputStream.java:1594) ~[na:na]
	at java.base/java.io.ObjectInputStream.readObject(ObjectInputStream.java:430) ~[na:na]
	at org.springframework.amqp.utils.SerializationUtils.deserialize(SerializationUtils.java:92) ~[spring-amqp-2.2.1.RELEASE.jar:2.2.1.RELEASE]
	... 14 common frames omitted

2020-01-18 10:47:18.184  WARN 13614 --- [getContainer-1] ingErrorHandler$DefaultExceptionStrategy : Fatal message conversion error; message rejected; it will be dropped or routed to a dead letter exchange, if so configured: (Body:'[B@7260def9(byte[170])' MessageProperties [headers={}, contentType=application/x-java-serialized-object, contentLength=0, receivedDeliveryMode=PERSISTENT, priority=0, redelivered=false, receivedExchange=, receivedRoutingKey=userMessageQueue, deliveryTag=1, consumerTag=amq.ctag-eIR7PWKHEtbkL_NzghF3rw, consumerQueue=userMessageQueue])
2020-01-18 10:47:18.193 ERROR 13614 --- [getContainer-1] o.s.a.r.l.SimpleMessageListenerContainer : Execution of Rabbit message listener failed, and the error handler threw an exception

org.springframework.amqp.AmqpRejectAndDontRequeueException: Error Handler converted exception to fatal
	at org.springframework.amqp.rabbit.listener.ConditionalRejectingErrorHandler.handleError(ConditionalRejectingErrorHandler.java:116) ~[spring-rabbit-2.2.1.RELEASE.jar:2.2.1.RELEASE]
	at org.springframework.amqp.rabbit.listener.AbstractMessageListenerContainer.invokeErrorHandler(AbstractMessageListenerContainer.java:1373) ~[spring-rabbit-2.2.1.RELEASE.jar:2.2.1.RELEASE]
	at org.springframework.amqp.rabbit.listener.AbstractMessageListenerContainer.handleListenerException(AbstractMessageListenerContainer.java:1657) ~[spring-rabbit-2.2.1.RELEASE.jar:2.2.1.RELEASE]
	at org.springframework.amqp.rabbit.listener.AbstractMessageListenerContainer.executeListener(AbstractMessageListenerContainer.java:1432) ~[spring-rabbit-2.2.1.RELEASE.jar:2.2.1.RELEASE]
	at org.springframework.amqp.rabbit.listener.SimpleMessageListenerContainer.doReceiveAndExecute(SimpleMessageListenerContainer.java:958) ~[spring-rabbit-2.2.1.RELEASE.jar:2.2.1.RELEASE]
	at org.springframework.amqp.rabbit.listener.SimpleMessageListenerContainer.receiveAndExecute(SimpleMessageListenerContainer.java:908) ~[spring-rabbit-2.2.1.RELEASE.jar:2.2.1.RELEASE]
	at org.springframework.amqp.rabbit.listener.SimpleMessageListenerContainer.access$1600(SimpleMessageListenerContainer.java:81) ~[spring-rabbit-2.2.1.RELEASE.jar:2.2.1.RELEASE]
	at org.springframework.amqp.rabbit.listener.SimpleMessageListenerContainer$AsyncMessageProcessingConsumer.mainLoop(SimpleMessageListenerContainer.java:1279) ~[spring-rabbit-2.2.1.RELEASE.jar:2.2.1.RELEASE]
	at org.springframework.amqp.rabbit.listener.SimpleMessageListenerContainer$AsyncMessageProcessingConsumer.run(SimpleMessageListenerContainer.java:1185) ~[spring-rabbit-2.2.1.RELEASE.jar:2.2.1.RELEASE]
	at java.base/java.lang.Thread.run(Thread.java:834) ~[na:na]
Caused by: org.springframework.amqp.rabbit.support.ListenerExecutionFailedException: Listener threw exception
	at org.springframework.amqp.rabbit.listener.AbstractMessageListenerContainer.wrapToListenerExecutionFailedExceptionIfNeeded(AbstractMessageListenerContainer.java:1683) ~[spring-rabbit-2.2.1.RELEASE.jar:2.2.1.RELEASE]
	at org.springframework.amqp.rabbit.listener.AbstractMessageListenerContainer.doInvokeListener(AbstractMessageListenerContainer.java:1573) ~[spring-rabbit-2.2.1.RELEASE.jar:2.2.1.RELEASE]
	at org.springframework.amqp.rabbit.listener.AbstractMessageListenerContainer.actualInvokeListener(AbstractMessageListenerContainer.java:1488) ~[spring-rabbit-2.2.1.RELEASE.jar:2.2.1.RELEASE]
	at org.springframework.amqp.rabbit.listener.AbstractMessageListenerContainer.invokeListener(AbstractMessageListenerContainer.java:1476) ~[spring-rabbit-2.2.1.RELEASE.jar:2.2.1.RELEASE]
	at org.springframework.amqp.rabbit.listener.AbstractMessageListenerContainer.doExecuteListener(AbstractMessageListenerContainer.java:1467) ~[spring-rabbit-2.2.1.RELEASE.jar:2.2.1.RELEASE]
	at org.springframework.amqp.rabbit.listener.AbstractMessageListenerContainer.executeListener(AbstractMessageListenerContainer.java:1411) ~[spring-rabbit-2.2.1.RELEASE.jar:2.2.1.RELEASE]
	... 6 common frames omitted
Caused by: org.springframework.amqp.support.converter.MessageConversionException: failed to convert serialized Message content
	at org.springframework.amqp.support.converter.SimpleMessageConverter.fromMessage(SimpleMessageConverter.java:114) ~[spring-amqp-2.2.1.RELEASE.jar:2.2.1.RELEASE]
	at org.springframework.amqp.rabbit.listener.adapter.AbstractAdaptableMessageListener.extractMessage(AbstractAdaptableMessageListener.java:289) ~[spring-rabbit-2.2.1.RELEASE.jar:2.2.1.RELEASE]
	at org.springframework.amqp.rabbit.listener.adapter.MessageListenerAdapter.onMessage(MessageListenerAdapter.java:283) ~[spring-rabbit-2.2.1.RELEASE.jar:2.2.1.RELEASE]
	at org.springframework.amqp.rabbit.listener.AbstractMessageListenerContainer.doInvokeListener(AbstractMessageListenerContainer.java:1569) ~[spring-rabbit-2.2.1.RELEASE.jar:2.2.1.RELEASE]
	... 10 common frames omitted
Caused by: java.lang.IllegalStateException: Could not deserialize object type
	at org.springframework.amqp.utils.SerializationUtils.deserialize(SerializationUtils.java:98) ~[spring-amqp-2.2.1.RELEASE.jar:2.2.1.RELEASE]
	at org.springframework.amqp.support.converter.SimpleMessageConverter.fromMessage(SimpleMessageConverter.java:110) ~[spring-amqp-2.2.1.RELEASE.jar:2.2.1.RELEASE]
	... 13 common frames omitted
Caused by: java.lang.ClassNotFoundException: com.bridgelabz.note.model.Rabbitmqmodel
	at java.base/jdk.internal.loader.BuiltinClassLoader.loadClass(BuiltinClassLoader.java:581) ~[na:na]
	at java.base/jdk.internal.loader.ClassLoaders$AppClassLoader.loadClass(ClassLoaders.java:178) ~[na:na]
	at java.base/java.lang.ClassLoader.loadClass(ClassLoader.java:521) ~[na:na]
	at org.springframework.boot.devtools.restart.classloader.RestartClassLoader.loadClass(RestartClassLoader.java:144) ~[spring-boot-devtools-2.2.1.RELEASE.jar:2.2.1.RELEASE]
	at java.base/java.lang.ClassLoader.loadClass(ClassLoader.java:521) ~[na:na]
	at java.base/java.lang.Class.forName0(Native Method) ~[na:na]
	at java.base/java.lang.Class.forName(Class.java:398) ~[na:na]
	at org.springframework.util.ClassUtils.forName(ClassUtils.java:277) ~[spring-core-5.2.1.RELEASE.jar:5.2.1.RELEASE]
	at org.springframework.core.ConfigurableObjectInputStream.resolveClass(ConfigurableObjectInputStream.java:76) ~[spring-core-5.2.1.RELEASE.jar:5.2.1.RELEASE]
	at org.springframework.amqp.support.converter.SimpleMessageConverter$1.resolveClass(SimpleMessageConverter.java:178) ~[spring-amqp-2.2.1.RELEASE.jar:2.2.1.RELEASE]
	at java.base/java.io.ObjectInputStream.readNonProxyDesc(ObjectInputStream.java:1886) ~[na:na]
	at java.base/java.io.ObjectInputStream.readClassDesc(ObjectInputStream.java:1772) ~[na:na]
	at java.base/java.io.ObjectInputStream.readOrdinaryObject(ObjectInputStream.java:2060) ~[na:na]
	at java.base/java.io.ObjectInputStream.readObject0(ObjectInputStream.java:1594) ~[na:na]
	at java.base/java.io.ObjectInputStream.readObject(ObjectInputStream.java:430) ~[na:na]
	at org.springframework.amqp.utils.SerializationUtils.deserialize(SerializationUtils.java:92) ~[spring-amqp-2.2.1.RELEASE.jar:2.2.1.RELEASE]
	... 14 common frames omitted

